2014-10-14T16:59:39+04:00 [7924] C:\Users\bushuev\Documents\Programs\nginx-1.7.4\html\mobi\lib\MerchantForm.php line 28 MerchantForm DEBUG <form></form>
2014-10-14T16:59:39+04:00 [7924] C:\Users\bushuev\Documents\Programs\nginx-1.7.4\html\mobi\lib\MobiService.php line 36 MobiService DEBUG Request: <?xml version="1.0" encoding="UTF-8"?>
<env:Envelope xmlns:env="http://www.w3.org/2003/05/soap-envelope" xmlns:ns1="http://soap.myplatfon.ru"><env:Body><ns1:getMerchant><ns1:_id>359</ns1:_id></ns1:getMerchant></env:Body></env:Envelope>

2014-10-14T16:59:39+04:00 [7924] C:\Users\bushuev\Documents\Programs\nginx-1.7.4\html\mobi\lib\MobiService.php line 37 MobiService DEBUG Response: <?xml version='1.0' encoding='utf-8'?><soapenv:Envelope xmlns:soapenv="http://www.w3.org/2003/05/soap-envelope"><soapenv:Body><ns:getMerchantResponse xmlns:ns="http://soap.myplatfon.ru"><ns:return xmlns:ax21="http://data.soap.myplatfon.ru/xsd" xmlns:ax27="http://input.template.templatebuilder.myplatfon.ru/xsd" xmlns:ax28="http://validation.input.template.templatebuilder.myplatfon.ru/xsd" xmlns:ax26="http://template.templatebuilder.myplatfon.ru/xsd" xmlns:ax23="http://response.data.soap.myplatfon.ru/xsd" xmlns:xsi="http://www.w3.org/2001/XMLSchema-instance" xsi:type="ax23:GetMerchantResponse"><ax23:error xsi:type="ax21:Error"><ax21:code>0</ax21:code><ax21:description xsi:nil="true" /><ax21:userMessage>Операция выполнена успешно.</ax21:userMessage></ax23:error><ax23:merchantInfo xsi:type="ax21:MerchantFullInformation"><ax21:code>akado-ekaterinburg</ax21:code><ax21:id>359</ax21:id><ax21:image>akado.png</ax21:image><ax21:name>АКАДО Екатеринбург</ax21:name><ax21:rootId>910</ax21:rootId><ax21:category xsi:type="ax21:MerchantInformation"><ax21:code>internet-and-phone</ax21:code><ax21:id>910</ax21:id><ax21:image>Internet_phone.gif</ax21:image><ax21:name>Интернет, телефония и ТВ</ax21:name><ax21:rootId>0</ax21:rootId><ax21:category xsi:nil="true" /></ax21:category><ax21:additionalInfo xsi:nil="true" /><ax21:inputTemplateId>359</ax21:inputTemplateId><ax21:maxSum>15000.0</ax21:maxSum><ax21:minSum>100.0</ax21:minSum><ax21:template><ax26:DNumber></ax26:DNumber><ax26:addInfo xsi:nil="true" /><ax26:description xsi:nil="true" /><ax26:groups><ax27:id>basicRequisite</ax27:id><ax27:inputs xsi:type="ax27:TemplateInput"><ax27:id>field_0</ax27:id><ax27:type>1</ax27:type><ax27:value xsi:nil="true" /><ax27:example>до 10 цифр</ax27:example><ax27:hint xsi:nil="true" /><ax27:inputtedValue xsi:nil="true" /><ax27:options xsi:nil="true" /><ax27:required xsi:nil="true" /><ax27:rules><ax28:id>1</ax28:id><ax28:message>В поле должно быть числовое значение от 1 до 10 знаков.</ax28:message><ax28:validateStr>^[\d]{0,10}$</ax28:validateStr><ax28:length>10</ax28:length></ax27:rules><ax27:textValue xsi:nil="true" /><ax27:title>Номер счета</ax27:title></ax27:inputs><ax27:templateInputs xsi:type="ax27:TemplateInput"><ax27:id>field_0</ax27:id><ax27:type>1</ax27:type><ax27:value xsi:nil="true" /><ax27:example>до 10 цифр</ax27:example><ax27:hint xsi:nil="true" /><ax27:inputtedValue xsi:nil="true" /><ax27:options xsi:nil="true" /><ax27:required xsi:nil="true" /><ax27:rules><ax28:id>1</ax28:id><ax28:message>В поле должно быть числовое значение от 1 до 10 знаков.</ax28:message><ax28:validateStr>^[\d]{0,10}$</ax28:validateStr><ax28:length>10</ax28:length></ax27:rules><ax27:textValue xsi:nil="true" /><ax27:title>Номер счета</ax27:title></ax27:templateInputs><ax27:title>Основные реквизиты</ax27:title><ax27:delimiter xsi:nil="true" /><ax27:formatString>%%field_0</ax27:formatString></ax26:groups><ax26:id xsi:nil="true" /><ax26:title>АКАДО-Екатеринбург</ax26:title></ax21:template><ax21:webUrl xsi:nil="true" /></ax23:merchantInfo></ns:return></ns:getMerchantResponse></soapenv:Body></soapenv:Envelope>
2014-10-14T16:59:39+04:00 [7924] C:\Users\bushuev\Documents\Programs\nginx-1.7.4\html\mobi\merchant\index.php line 6 root WARN  MerchantForm Object
(
    [parseString:protected] => success
    [rawObj:protected] => stdClass Object
        (
            [return] => stdClass Object
                (
                    [error] => stdClass Object
                        (
                            [code] => 0
                            [description] => 
                            [userMessage] => Операция выполнена успешно.
                        )

                    [merchantInfo] => stdClass Object
                        (
                            [code] => akado-ekaterinburg
                            [id] => 359
                            [image] => akado.png
                            [name] => АКАДО Екатеринбург
                            [rootId] => 910
                            [category] => stdClass Object
                                (
                                    [code] => internet-and-phone
                                    [id] => 910
                                    [image] => Internet_phone.gif
                                    [name] => Интернет, телефония и ТВ
                                    [rootId] => 0
                                    [category] => 
                                )

                            [additionalInfo] => 
                            [inputTemplateId] => 359
                            [maxSum] => 15000
                            [minSum] => 100
                            [template] => stdClass Object
                                (
                                    [DNumber] => 
                                    [addInfo] => 
                                    [description] => 
                                    [groups] => stdClass Object
                                        (
                                            [id] => basicRequisite
                                            [inputs] => stdClass Object
                                                (
                                                    [id] => field_0
                                                    [type] => 1
                                                    [value] => 
                                                    [example] => до 10 цифр
                                                    [hint] => 
                                                    [inputtedValue] => 
                                                    [options] => 
                                                    [required] => 
                                                    [rules] => stdClass Object
                                                        (
                                                            [id] => 1
                                                            [message] => В поле должно быть числовое значение от 1 до 10 знаков.
                                                            [validateStr] => ^[\d]{0,10}$
                                                        )

                                                    [textValue] => 
                                                    [title] => Номер счета
                                                )

                                            [templateInputs] => stdClass Object
                                                (
                                                    [id] => field_0
                                                    [type] => 1
                                                    [value] => 
                                                    [example] => до 10 цифр
                                                    [hint] => 
                                                    [inputtedValue] => 
                                                    [options] => 
                                                    [required] => 
                                                    [rules] => stdClass Object
                                                        (
                                                            [id] => 1
                                                            [message] => В поле должно быть числовое значение от 1 до 10 знаков.
                                                            [validateStr] => ^[\d]{0,10}$
                                                        )

                                                    [textValue] => 
                                                    [title] => Номер счета
                                                )

                                            [title] => Основные реквизиты
                                        )

                                    [id] => 
                                    [title] => АКАДО-Екатеринбург
                                )

                            [webUrl] => 
                        )

                )

        )

    [inputs:protected] => Array
        (
        )

    [params:protected] => Array
        (
            [maxSum] => 15000
            [minSum] => 100
            [code] => akado-ekaterinburg
            [id] => 359
            [image] => akado.png
            [name] => АКАДО Екатеринбург
            [title] => АКАДО-Екатеринбург
        )

    [logger:protected] => Logger Object
        (
            [additive:Logger:private] => 1
            [fqcn:Logger:private] => Logger
            [level:Logger:private] => LoggerLevel Object
                (
                    [level:LoggerLevel:private] => 5000
                    [levelStr:LoggerLevel:private] => TRACE
                    [syslogEquivalent:LoggerLevel:private] => 6
                )

            [name:Logger:private] => MerchantForm
            [parent:Logger:private] => LoggerRoot Object
                (
                    [additive:Logger:private] => 1
                    [fqcn:Logger:private] => Logger
                    [level:Logger:private] => LoggerLevel Object
                        (
                            [level:LoggerLevel:private] => 5000
                            [levelStr:LoggerLevel:private] => TRACE
                            [syslogEquivalent:LoggerLevel:private] => 6
                        )

                    [name:Logger:private] => root
                    [parent:Logger:private] => 
                    [appenders:Logger:private] => Array
                        (
                            [common] => LoggerAppenderDailyFile Object
                                (
                                    [datePattern:protected] => Y-m-d
                                    [currentDate:protected] => 2014-10-14
                                    [locking:protected] => 1
                                    [append:protected] => 1
                                    [file:protected] => ../log/common-%s.log
                                    [fp:protected] => Resource id #51
                                    [closed:protected] => 
                                    [filter:protected] => 
                                    [layout:protected] => LoggerLayoutPattern Object
                                        (
                                            [pattern:protected] => %date [%pid] %file line %line %logger %-5level %msg%n
                                            [converterMap:protected] => Array
                                                (
                                                    [c] => LoggerPatternConverterLogger
                                                    [lo] => LoggerPatternConverterLogger
                                                    [logger] => LoggerPatternConverterLogger
                                                    [C] => LoggerPatternConverterClass
                                                    [class] => LoggerPatternConverterClass
                                                    [cookie] => LoggerPatternConverterCookie
                                                    [d] => LoggerPatternConverterDate
                                                    [date] => LoggerPatternConverterDate
                                                    [e] => LoggerPatternConverterEnvironment
                                                    [env] => LoggerPatternConverterEnvironment
                                                    [ex] => LoggerPatternConverterThrowable
                                                    [exception] => LoggerPatternConverterThrowable
                                                    [throwable] => LoggerPatternConverterThrowable
                                                    [F] => LoggerPatternConverterFile
                                                    [file] => LoggerPatternConverterFile
                                                    [l] => LoggerPatternConverterLocation
                                                    [location] => LoggerPatternConverterLocation
                                                    [L] => LoggerPatternConverterLine
                                                    [line] => LoggerPatternConverterLine
                                                    [m] => LoggerPatternConverterMessage
                                                    [msg] => LoggerPatternConverterMessage
                                                    [message] => LoggerPatternConverterMessage
                                                    [M] => LoggerPatternConverterMethod
                                                    [method] => LoggerPatternConverterMethod
                                                    [n] => LoggerPatternConverterNewLine
                                                    [newline] => LoggerPatternConverterNewLine
                                                    [p] => LoggerPatternConverterLevel
                                                    [le] => LoggerPatternConverterLevel
                                                    [level] => LoggerPatternConverterLevel
                                                    [r] => LoggerPatternConverterRelative
                                                    [relative] => LoggerPatternConverterRelative
                                                    [req] => LoggerPatternConverterRequest
                                                    [request] => LoggerPatternConverterRequest
                                                    [s] => LoggerPatternConverterServer
                                                    [server] => LoggerPatternConverterServer
                                                    [ses] => LoggerPatternConverterSession
                                                    [session] => LoggerPatternConverterSession
                                                    [sid] => LoggerPatternConverterSessionID
                                                    [sessionid] => LoggerPatternConverterSessionID
                                                    [t] => LoggerPatternConverterProcess
                                                    [pid] => LoggerPatternConverterProcess
                                                    [process] => LoggerPatternConverterProcess
                                                    [x] => LoggerPatternConverterNDC
                                                    [ndc] => LoggerPatternConverterNDC
                                                    [X] => LoggerPatternConverterMDC
                                                    [mdc] => LoggerPatternConverterMDC
                                                )

                                            [head:LoggerLayoutPattern:private] => LoggerPatternConverterDate Object
                                                (
                                                    [format:LoggerPatternConverterDate:private] => c
                                                    [specials:LoggerPatternConverterDate:private] => Array
                                                        (
                                                            [ISO8601] => c
                                                            [ABSOLUTE] => H:i:s
                                                            [DATE] => d M Y H:i:s.u
                                                        )

                                                    [useLocalDate:LoggerPatternConverterDate:private] => 
                                                    [next] => LoggerPatternConverterLiteral Object
                                                        (
                                                            [literalValue:LoggerPatternConverterLiteral:private] =>  [
                                                            [next] => LoggerPatternConverterProcess Object
                                                                (
                                                                    [next] => LoggerPatternConverterLiteral Object
                                                                        (
                                                                            [literalValue:LoggerPatternConverterLiteral:private] => ] 
                                                                            [next] => LoggerPatternConverterFile Object
                                                                                (
                                                                                    [next] => LoggerPatternConverterLiteral Object
                                                                                        (
                                                                                            [literalValue:LoggerPatternConverterLiteral:private] =>  line 
                                                                                            [next] => LoggerPatternConverterLine Object
                                                                                                (
                                                                                                    [next] => LoggerPatternConverterLiteral Object
                                                                                                        (
                                                                                                            [literalValue:LoggerPatternConverterLiteral:private] =>  
                                                                                                            [next] => LoggerPatternConverterLogger Object
                                                                                                                (
                                                                                                                    [length:LoggerPatternConverterLogger:private] => 
                                                                                                                    [cache:LoggerPatternConverterLogger:private] => Array
                                                                                                                        (
                                                                                                                            [MerchantForm] => MerchantForm
                                                                                                                            [MobiService] => MobiService
                                                                                                                        )

                                                                                                                    [next] => LoggerPatternConverterLiteral Object
                                                                                                                        (
                                                                                                                            [literalValue:LoggerPatternConverterLiteral:private] =>  
                                                                                                                            [next] => LoggerPatternConverterLevel Object
                                                                                                                                (
                                                                                                                                    [next] => LoggerPatternConverterLiteral Object
                                                                                                                                        (
                                                                                                                                            [literalValue:LoggerPatternConverterLiteral:private] =>  
                                                                                                                                            [next] => LoggerPatternConverterMessage Object
                                                                                                                                                (
                                                                                                                                                    [next] => LoggerPatternConverterNewLine Object
                                                                                                                                                        (
                                                                                                                                                            [next] => 
                                                                                                                                                            [formattingInfo:protected] => LoggerFormattingInfo Object
                                                                                                                                                                (
                                                                                                                                                                    [min] => 0
                                                                                                                                                                    [max] => 2147483647
                                                                                                                                                                    [padLeft] => 1
                                                                                                                                                                    [trimLeft] => 
                                                                                                                                                                )

                                                                                                                                                            [option:protected] => 
                                                                                                                                                        )

                                                                                                                                                    [formattingInfo:protected] => LoggerFormattingInfo Object
                                                                                                                                                        (
                                                                                                                                                            [min] => 0
                                                                                                                                                            [max] => 2147483647
                                                                                                                                                            [padLeft] => 1
                                                                                                                                                            [trimLeft] => 
                                                                                                                                                        )

                                                                                                                                                    [option:protected] => 
                                                                                                                                                )

                                                                                                                                            [formattingInfo:protected] => 
                                                                                                                                            [option:protected] => 
                                                                                                                                        )

                                                                                                                                    [formattingInfo:protected] => LoggerFormattingInfo Object
                                                                                                                                        (
                                                                                                                                            [min] => 5
                                                                                                                                            [max] => 2147483647
                                                                                                                                            [padLeft] => 
                                                                                                                                            [trimLeft] => 
                                                                                                                                        )

                                                                                                                                    [option:protected] => 
                                                                                                                                )

                                                                                                                            [formattingInfo:protected] => 
                                                                                                                            [option:protected] => 
                                                                                                                        )

                                                                                                                    [formattingInfo:protected] => LoggerFormattingInfo Object
                                                                                                                        (
                                                                                                                            [min] => 0
                                                                                                                            [max] => 2147483647
                                                                                                                            [padLeft] => 1
                                                                                                                            [trimLeft] => 
                                                                                                                        )

                                                                                                                    [option:protected] => 
                                                                                                                )

                                                                                                            [formattingInfo:protected] => 
                                                                                                            [option:protected] => 
                                                                                                        )

                                                                                                    [formattingInfo:protected] => LoggerFormattingInfo Object
                                                                                                        (
                                                                                                            [min] => 0
                                                                                                            [max] => 2147483647
                                                                                                            [padLeft] => 1
                                                                                                            [trimLeft] => 
                                                                                                        )

                                                                                                    [option:protected] => 
                                                                                                )

                                                                                            [formattingInfo:protected] => 
                                                                                            [option:protected] => 
                                                                                        )

                                                                                    [formattingInfo:protected] => LoggerFormattingInfo Object
                                                                                        (
                                                                                            [min] => 0
                                                                                            [max] => 2147483647
                                                                                            [padLeft] => 1
                                                                                            [trimLeft] => 
                                                                                        )

                                                                                    [option:protected] => 
                                                                                )

                                                                            [formattingInfo:protected] => 
                                                                            [option:protected] => 
                                                                        )

                                                                    [formattingInfo:protected] => LoggerFormattingInfo Object
                                                                        (
                                                                            [min] => 0
                                                                            [max] => 2147483647
                                                                            [padLeft] => 1
                                                                            [trimLeft] => 
                                                                        )

                                                                    [option:protected] => 
                                                                )

                                                            [formattingInfo:protected] => 
                                                            [option:protected] => 
                                                        )

                                                    [formattingInfo:protected] => LoggerFormattingInfo Object
                                                        (
                                                            [min] => 0
                                                            [max] => 2147483647
                                                            [padLeft] => 1
                                                            [trimLeft] => 
                                                        )

                                                    [option:protected] => 
                                                )

                                        )

                                    [name:protected] => common
                                    [threshold:protected] => 
                                    [requiresLayout:protected] => 1
                                )

                        )

                )

            [appenders:Logger:private] => Array
                (
                    [service] => LoggerAppenderDailyFile Object
                        (
                            [datePattern:protected] => Y-m-d
                            [currentDate:protected] => 2014-10-14
                            [locking:protected] => 1
                            [append:protected] => 1
                            [file:protected] => ../log/service-%s.log
                            [fp:protected] => Resource id #50
                            [closed:protected] => 
                            [filter:protected] => 
                            [layout:protected] => LoggerLayoutPattern Object
                                (
                                    [pattern:protected] => %date [%pid] %class.%line %logger %-5level %msg%n
                                    [converterMap:protected] => Array
                                        (
                                            [c] => LoggerPatternConverterLogger
                                            [lo] => LoggerPatternConverterLogger
                                            [logger] => LoggerPatternConverterLogger
                                            [C] => LoggerPatternConverterClass
                                            [class] => LoggerPatternConverterClass
                                            [cookie] => LoggerPatternConverterCookie
                                            [d] => LoggerPatternConverterDate
                                            [date] => LoggerPatternConverterDate
                                            [e] => LoggerPatternConverterEnvironment
                                            [env] => LoggerPatternConverterEnvironment
                                            [ex] => LoggerPatternConverterThrowable
                                            [exception] => LoggerPatternConverterThrowable
                                            [throwable] => LoggerPatternConverterThrowable
                                            [F] => LoggerPatternConverterFile
                                            [file] => LoggerPatternConverterFile
                                            [l] => LoggerPatternConverterLocation
                                            [location] => LoggerPatternConverterLocation
                                            [L] => LoggerPatternConverterLine
                                            [line] => LoggerPatternConverterLine
                                            [m] => LoggerPatternConverterMessage
                                            [msg] => LoggerPatternConverterMessage
                                            [message] => LoggerPatternConverterMessage
                                            [M] => LoggerPatternConverterMethod
                                            [method] => LoggerPatternConverterMethod
                                            [n] => LoggerPatternConverterNewLine
                                            [newline] => LoggerPatternConverterNewLine
                                            [p] => LoggerPatternConverterLevel
                                            [le] => LoggerPatternConverterLevel
                                            [level] => LoggerPatternConverterLevel
                                            [r] => LoggerPatternConverterRelative
                                            [relative] => LoggerPatternConverterRelative
                                            [req] => LoggerPatternConverterRequest
                                            [request] => LoggerPatternConverterRequest
                                            [s] => LoggerPatternConverterServer
                                            [server] => LoggerPatternConverterServer
                                            [ses] => LoggerPatternConverterSession
                                            [session] => LoggerPatternConverterSession
                                            [sid] => LoggerPatternConverterSessionID
                                            [sessionid] => LoggerPatternConverterSessionID
                                            [t] => LoggerPatternConverterProcess
                                            [pid] => LoggerPatternConverterProcess
                                            [process] => LoggerPatternConverterProcess
                                            [x] => LoggerPatternConverterNDC
                                            [ndc] => LoggerPatternConverterNDC
                                            [X] => LoggerPatternConverterMDC
                                            [mdc] => LoggerPatternConverterMDC
                                        )

                                    [head:LoggerLayoutPattern:private] => LoggerPatternConverterDate Object
                                        (
                                            [format:LoggerPatternConverterDate:private] => c
                                            [specials:LoggerPatternConverterDate:private] => Array
                                                (
                                                    [ISO8601] => c
                                                    [ABSOLUTE] => H:i:s
                                                    [DATE] => d M Y H:i:s.u
                                                )

                                            [useLocalDate:LoggerPatternConverterDate:private] => 
                                            [next] => LoggerPatternConverterLiteral Object
                                                (
                                                    [literalValue:LoggerPatternConverterLiteral:private] =>  [
                                                    [next] => LoggerPatternConverterProcess Object
                                                        (
                                                            [next] => LoggerPatternConverterLiteral Object
                                                                (
                                                                    [literalValue:LoggerPatternConverterLiteral:private] => ] 
                                                                    [next] => LoggerPatternConverterClass Object
                                                                        (
                                                                            [length:LoggerPatternConverterClass:private] => 
                                                                            [cache:LoggerPatternConverterClass:private] => Array
                                                                                (
                                                                                    [MerchantForm] => MerchantForm
                                                                                    [MobiService] => MobiService
                                                                                )

                                                                            [next] => LoggerPatternConverterLiteral Object
                                                                                (
                                                                                    [literalValue:LoggerPatternConverterLiteral:private] => .
                                                                                    [next] => LoggerPatternConverterLine Object
                                                                                        (
                                                                                            [next] => LoggerPatternConverterLiteral Object
                                                                                                (
                                                                                                    [literalValue:LoggerPatternConverterLiteral:private] =>  
                                                                                                    [next] => LoggerPatternConverterLogger Object
                                                                                                        (
                                                                                                            [length:LoggerPatternConverterLogger:private] => 
                                                                                                            [cache:LoggerPatternConverterLogger:private] => Array
                                                                                                                (
                                                                                                                    [MerchantForm] => MerchantForm
                                                                                                                    [MobiService] => MobiService
                                                                                                                )

                                                                                                            [next] => LoggerPatternConverterLiteral Object
                                                                                                                (
                                                                                                                    [literalValue:LoggerPatternConverterLiteral:private] =>  
                                                                                                                    [next] => LoggerPatternConverterLevel Object
                                                                                                                        (
                                                                                                                            [next] => LoggerPatternConverterLiteral Object
                                                                                                                                (
                                                                                                                                    [literalValue:LoggerPatternConverterLiteral:private] =>  
                                                                                                                                    [next] => LoggerPatternConverterMessage Object
                                                                                                                                        (
                                                                                                                                            [next] => LoggerPatternConverterNewLine Object
                                                                                                                                                (
                                                                                                                                                    [next] => 
                                                                                                                                                    [formattingInfo:protected] => LoggerFormattingInfo Object
                                                                                                                                                        (
                                                                                                                                                            [min] => 0
                                                                                                                                                            [max] => 2147483647
                                                                                                                                                            [padLeft] => 1
                                                                                                                                                            [trimLeft] => 
                                                                                                                                                        )

                                                                                                                                                    [option:protected] => 
                                                                                                                                                )

                                                                                                                                            [formattingInfo:protected] => LoggerFormattingInfo Object
                                                                                                                                                (
                                                                                                                                                    [min] => 0
                                                                                                                                                    [max] => 2147483647
                                                                                                                                                    [padLeft] => 1
                                                                                                                                                    [trimLeft] => 
                                                                                                                                                )

                                                                                                                                            [option:protected] => 
                                                                                                                                        )

                                                                                                                                    [formattingInfo:protected] => 
                                                                                                                                    [option:protected] => 
                                                                                                                                )

                                                                                                                            [formattingInfo:protected] => LoggerFormattingInfo Object
                                                                                                                                (
                                                                                                                                    [min] => 5
                                                                                                                                    [max] => 2147483647
                                                                                                                                    [padLeft] => 
                                                                                                                                    [trimLeft] => 
                                                                                                                                )

                                                                                                                            [option:protected] => 
                                                                                                                        )

                                                                                                                    [formattingInfo:protected] => 
                                                                                                                    [option:protected] => 
                                                                                                                )

                                                                                                            [formattingInfo:protected] => LoggerFormattingInfo Object
                                                                                                                (
                                                                                                                    [min] => 0
                                                                                                                    [max] => 2147483647
                                                                                                                    [padLeft] => 1
                                                                                                                    [trimLeft] => 
                                                                                                                )

                                                                                                            [option:protected] => 
                                                                                                        )

                                                                                                    [formattingInfo:protected] => 
                                                                                                    [option:protected] => 
                                                                                                )

                                                                                            [formattingInfo:protected] => LoggerFormattingInfo Object
                                                                                                (
                                                                                                    [min] => 0
                                                                                                    [max] => 2147483647
                                                                                                    [padLeft] => 1
                                                                                                    [trimLeft] => 
                                                                                                )

                                                                                            [option:protected] => 
                                                                                        )

                                                                                    [formattingInfo:protected] => 
                                                                                    [option:protected] => 
                                                                                )

                                                                            [formattingInfo:protected] => LoggerFormattingInfo Object
                                                                                (
                                                                                    [min] => 0
                                                                                    [max] => 2147483647
                                                                                    [padLeft] => 1
                                                                                    [trimLeft] => 
                                                                                )

                                                                            [option:protected] => 
                                                                        )

                                                                    [formattingInfo:protected] => 
                                                                    [option:protected] => 
                                                                )

                                                            [formattingInfo:protected] => LoggerFormattingInfo Object
                                                                (
                                                                    [min] => 0
                                                                    [max] => 2147483647
                                                                    [padLeft] => 1
                                                                    [trimLeft] => 
                                                                )

                                                            [option:protected] => 
                                                        )

                                                    [formattingInfo:protected] => 
                                                    [option:protected] => 
                                                )

                                            [formattingInfo:protected] => LoggerFormattingInfo Object
                                                (
                                                    [min] => 0
                                                    [max] => 2147483647
                                                    [padLeft] => 1
                                                    [trimLeft] => 
                                                )

                                            [option:protected] => 
                                        )

                                )

                            [name:protected] => service
                            [threshold:protected] => 
                            [requiresLayout:protected] => 1
                        )

                )

        )

)

2014-10-14T17:02:37+04:00 [7924] C:\Users\bushuev\Documents\Programs\nginx-1.7.4\html\mobi\lib\MerchantForm.php line 28 MerchantForm DEBUG <form><label for='basicRequisite'>Основные реквизиты</label><input type='text' name='basicRequisite' id='basicRequisite' data-pattern='.*' data-pattern-hint='.*' hint='' data-required='true' placeholder='' value=''/></form>
2014-10-14T17:02:37+04:00 [7924] C:\Users\bushuev\Documents\Programs\nginx-1.7.4\html\mobi\lib\MobiService.php line 36 MobiService DEBUG Request: <?xml version="1.0" encoding="UTF-8"?>
<env:Envelope xmlns:env="http://www.w3.org/2003/05/soap-envelope" xmlns:ns1="http://soap.myplatfon.ru"><env:Body><ns1:getMerchant><ns1:_id>359</ns1:_id></ns1:getMerchant></env:Body></env:Envelope>

2014-10-14T17:02:37+04:00 [7924] C:\Users\bushuev\Documents\Programs\nginx-1.7.4\html\mobi\lib\MobiService.php line 37 MobiService DEBUG Response: <?xml version='1.0' encoding='utf-8'?><soapenv:Envelope xmlns:soapenv="http://www.w3.org/2003/05/soap-envelope"><soapenv:Body><ns:getMerchantResponse xmlns:ns="http://soap.myplatfon.ru"><ns:return xmlns:ax21="http://data.soap.myplatfon.ru/xsd" xmlns:ax27="http://input.template.templatebuilder.myplatfon.ru/xsd" xmlns:ax28="http://validation.input.template.templatebuilder.myplatfon.ru/xsd" xmlns:ax26="http://template.templatebuilder.myplatfon.ru/xsd" xmlns:ax23="http://response.data.soap.myplatfon.ru/xsd" xmlns:xsi="http://www.w3.org/2001/XMLSchema-instance" xsi:type="ax23:GetMerchantResponse"><ax23:error xsi:type="ax21:Error"><ax21:code>0</ax21:code><ax21:description xsi:nil="true" /><ax21:userMessage>Операция выполнена успешно.</ax21:userMessage></ax23:error><ax23:merchantInfo xsi:type="ax21:MerchantFullInformation"><ax21:code>akado-ekaterinburg</ax21:code><ax21:id>359</ax21:id><ax21:image>akado.png</ax21:image><ax21:name>АКАДО Екатеринбург</ax21:name><ax21:rootId>910</ax21:rootId><ax21:category xsi:type="ax21:MerchantInformation"><ax21:code>internet-and-phone</ax21:code><ax21:id>910</ax21:id><ax21:image>Internet_phone.gif</ax21:image><ax21:name>Интернет, телефония и ТВ</ax21:name><ax21:rootId>0</ax21:rootId><ax21:category xsi:nil="true" /></ax21:category><ax21:additionalInfo xsi:nil="true" /><ax21:inputTemplateId>359</ax21:inputTemplateId><ax21:maxSum>15000.0</ax21:maxSum><ax21:minSum>100.0</ax21:minSum><ax21:template><ax26:DNumber></ax26:DNumber><ax26:addInfo xsi:nil="true" /><ax26:description xsi:nil="true" /><ax26:groups><ax27:id>basicRequisite</ax27:id><ax27:inputs xsi:type="ax27:TemplateInput"><ax27:id>field_0</ax27:id><ax27:type>1</ax27:type><ax27:value xsi:nil="true" /><ax27:example>до 10 цифр</ax27:example><ax27:hint xsi:nil="true" /><ax27:inputtedValue xsi:nil="true" /><ax27:options xsi:nil="true" /><ax27:required xsi:nil="true" /><ax27:rules><ax28:id>1</ax28:id><ax28:message>В поле должно быть числовое значение от 1 до 10 знаков.</ax28:message><ax28:validateStr>^[\d]{0,10}$</ax28:validateStr><ax28:length>10</ax28:length></ax27:rules><ax27:textValue xsi:nil="true" /><ax27:title>Номер счета</ax27:title></ax27:inputs><ax27:templateInputs xsi:type="ax27:TemplateInput"><ax27:id>field_0</ax27:id><ax27:type>1</ax27:type><ax27:value xsi:nil="true" /><ax27:example>до 10 цифр</ax27:example><ax27:hint xsi:nil="true" /><ax27:inputtedValue xsi:nil="true" /><ax27:options xsi:nil="true" /><ax27:required xsi:nil="true" /><ax27:rules><ax28:id>1</ax28:id><ax28:message>В поле должно быть числовое значение от 1 до 10 знаков.</ax28:message><ax28:validateStr>^[\d]{0,10}$</ax28:validateStr><ax28:length>10</ax28:length></ax27:rules><ax27:textValue xsi:nil="true" /><ax27:title>Номер счета</ax27:title></ax27:templateInputs><ax27:title>Основные реквизиты</ax27:title><ax27:delimiter xsi:nil="true" /><ax27:formatString>%%field_0</ax27:formatString></ax26:groups><ax26:id xsi:nil="true" /><ax26:title>АКАДО-Екатеринбург</ax26:title></ax21:template><ax21:webUrl xsi:nil="true" /></ax23:merchantInfo></ns:return></ns:getMerchantResponse></soapenv:Body></soapenv:Envelope>
2014-10-14T17:02:37+04:00 [7924] C:\Users\bushuev\Documents\Programs\nginx-1.7.4\html\mobi\merchant\index.php line 6 root WARN  
2014-10-14T17:03:01+04:00 [7924] C:\Users\bushuev\Documents\Programs\nginx-1.7.4\html\mobi\lib\MobiService.php line 36 MobiService DEBUG Request: <?xml version="1.0" encoding="UTF-8"?>
<env:Envelope xmlns:env="http://www.w3.org/2003/05/soap-envelope" xmlns:ns1="http://soap.myplatfon.ru"><env:Body><ns1:getMerchantList><ns1:_categoryId>950</ns1:_categoryId></ns1:getMerchantList></env:Body></env:Envelope>

2014-10-14T17:03:01+04:00 [7924] C:\Users\bushuev\Documents\Programs\nginx-1.7.4\html\mobi\lib\MobiService.php line 37 MobiService DEBUG Response: <?xml version='1.0' encoding='utf-8'?><soapenv:Envelope xmlns:soapenv="http://www.w3.org/2003/05/soap-envelope"><soapenv:Body><ns:getMerchantListResponse xmlns:ns="http://soap.myplatfon.ru"><ns:return xmlns:ax21="http://data.soap.myplatfon.ru/xsd" xmlns:ax27="http://input.template.templatebuilder.myplatfon.ru/xsd" xmlns:ax28="http://validation.input.template.templatebuilder.myplatfon.ru/xsd" xmlns:ax26="http://template.templatebuilder.myplatfon.ru/xsd" xmlns:ax23="http://response.data.soap.myplatfon.ru/xsd" xmlns:xsi="http://www.w3.org/2001/XMLSchema-instance" xsi:type="ax23:GetMerchantListResponse"><ax23:error xsi:type="ax21:Error"><ax21:code>0</ax21:code><ax21:description xsi:nil="true" /><ax21:userMessage>Операция выполнена успешно.</ax21:userMessage></ax23:error><ax23:merchants xsi:type="ax21:Merchant"><ax21:code xsi:nil="true" /><ax21:id>11007</ax21:id><ax21:image>gibdd.png</ax21:image><ax21:name>Штрафы ГИБДД</ax21:name><ax21:rootId>950</ax21:rootId></ax23:merchants><ax23:merchants xsi:type="ax21:Merchant"><ax21:code>any-bank-requisites</ax21:code><ax21:id>625</ax21:id><ax21:image>other_picture.gif</ax21:image><ax21:name>Плачу куда хочу</ax21:name><ax21:rootId>950</ax21:rootId></ax23:merchants><ax23:merchants xsi:type="ax21:Merchant"><ax21:code>2pay</ax21:code><ax21:id>99999916</ax21:id><ax21:image>2pay.png</ax21:image><ax21:name>Интернет-магазин 2pay.ru</ax21:name><ax21:rootId>950</ax21:rootId></ax23:merchants><ax23:merchants xsi:type="ax21:Merchant"><ax21:code>cyberplat</ax21:code><ax21:id>727</ax21:id><ax21:image>cyberplat-wallet.png</ax21:image><ax21:name>Пополнение Платежной книжки Киберплат</ax21:name><ax21:rootId>950</ax21:rootId></ax23:merchants><ax23:merchants xsi:type="ax21:Merchant"><ax21:code>amf-flowers</ax21:code><ax21:id>804</ax21:id><ax21:image>amf.png</ax21:image><ax21:name>АМФ Цветы</ax21:name><ax21:rootId>950</ax21:rootId></ax23:merchants><ax23:merchants xsi:type="ax21:Merchant"><ax21:code xsi:nil="true" /><ax21:id>30</ax21:id><ax21:image xsi:nil="true" /><ax21:name>Азбука вкуса</ax21:name><ax21:rootId>950</ax21:rootId></ax23:merchants><ax23:merchants xsi:type="ax21:Merchant"><ax21:code>biglion</ax21:code><ax21:id>4546</ax21:id><ax21:image>biglion.png</ax21:image><ax21:name>Биглион</ax21:name><ax21:rootId>950</ax21:rootId></ax23:merchants><ax23:merchants xsi:type="ax21:Merchant"><ax21:code>darberry</ax21:code><ax21:id>4583</ax21:id><ax21:image>4583.png</ax21:image><ax21:name>Дарбери (Группон)</ax21:name><ax21:rootId>950</ax21:rootId></ax23:merchants><ax23:merchants xsi:type="ax21:Merchant"><ax21:code>imp</ax21:code><ax21:id>4782</ax21:id><ax21:image>4782.png</ax21:image><ax21:name>И.М.П.</ax21:name><ax21:rootId>950</ax21:rootId></ax23:merchants><ax23:merchants xsi:type="ax21:Merchant"><ax21:code>iz_ruk_v_ruki</ax21:code><ax21:id>7000</ax21:id><ax21:image xsi:nil="true" /><ax21:name>Из Рук в Руки (Интернет-Офис)</ax21:name><ax21:rootId>950</ax21:rootId></ax23:merchants><ax23:merchants xsi:type="ax21:Merchant"><ax21:code>otto</ax21:code><ax21:id>708</ax21:id><ax21:image>otto.png</ax21:image><ax21:name>ОТТО - Модная Линия</ax21:name><ax21:rootId>950</ax21:rootId></ax23:merchants><ax23:merchants xsi:type="ax21:Merchant"><ax21:code>odnoklassniki</ax21:code><ax21:id>4620</ax21:id><ax21:image>4620.png</ax21:image><ax21:name>Одноклассники</ax21:name><ax21:rootId>950</ax21:rootId></ax23:merchants><ax23:merchants xsi:type="ax21:Merchant"><ax21:code>oriflame</ax21:code><ax21:id>126789388</ax21:id><ax21:image>oriflame.png</ax21:image><ax21:name>Орифлейм</ax21:name><ax21:rootId>950</ax21:rootId></ax23:merchants><ax23:merchants xsi:type="ax21:Merchant"><ax21:code>pension-fond</ax21:code><ax21:id>606</ax21:id><ax21:image>pensionn-fond.png</ax21:image><ax21:name>Пенсионный фонд РФ</ax21:name><ax21:rootId>950</ax21:rootId></ax23:merchants><ax23:merchants xsi:type="ax21:Merchant"><ax21:code>redmarker</ax21:code><ax21:id>6080</ax21:id><ax21:image>6080.png</ax21:image><ax21:name>Редмаркер</ax21:name><ax21:rootId>950</ax21:rootId></ax23:merchants><ax23:merchants xsi:type="ax21:Merchant"><ax21:code>rosgosstrah</ax21:code><ax21:id>10905</ax21:id><ax21:image>10905.png</ax21:image><ax21:name>Росгосстрах</ax21:name><ax21:rootId>950</ax21:rootId></ax23:merchants><ax23:merchants xsi:type="ax21:Merchant"><ax21:code>softkey</ax21:code><ax21:id>10997</ax21:id><ax21:image>softkey.png</ax21:image><ax21:name>Софткей</ax21:name><ax21:rootId>950</ax21:rootId></ax23:merchants><ax23:merchants xsi:type="ax21:Merchant"><ax21:code>taxi-maxim</ax21:code><ax21:id>894</ax21:id><ax21:image>taxi-maxim.png</ax21:image><ax21:name>Такси-Максим</ax21:name><ax21:rootId>950</ax21:rootId></ax23:merchants><ax23:merchants xsi:type="ax21:Merchant"><ax21:code>cian</ax21:code><ax21:id>5900</ax21:id><ax21:image>5900.png</ax21:image><ax21:name>ЦИАН Агенство Недвижимости</ax21:name><ax21:rootId>950</ax21:rootId></ax23:merchants><ax23:merchants xsi:type="ax21:Merchant"><ax21:code>gibdd</ax21:code><ax21:id>889</ax21:id><ax21:image>gibdd.png</ax21:image><ax21:name>Штрафы ГИБДД (ГАИ), госпошлины</ax21:name><ax21:rootId>950</ax21:rootId></ax23:merchants><ax23:merchants xsi:type="ax21:Merchant"><ax21:code xsi:nil="true" /><ax21:id>10959</ax21:id><ax21:image>gibdd.png</ax21:image><ax21:name>Штрафы ГИБДД по Москве и Московской области</ax21:name><ax21:rootId>950</ax21:rootId></ax23:merchants><ax23:merchants xsi:type="ax21:Merchant"><ax21:code xsi:nil="true" /><ax21:id>1214</ax21:id><ax21:image>gibdd.png</ax21:image><ax21:name>Штрафы ГИБДД по РФ (Федеральное казначейство)</ax21:name><ax21:rootId>950</ax21:rootId></ax23:merchants><ax23:merchants xsi:type="ax21:Merchant"><ax21:code>elgrad</ax21:code><ax21:id>6480</ax21:id><ax21:image xsi:nil="true" /><ax21:name>Элград</ax21:name><ax21:rootId>950</ax21:rootId></ax23:merchants><ax23:merchants xsi:type="ax21:Merchant"><ax21:code>avon</ax21:code><ax21:id>892</ax21:id><ax21:image>avon.png</ax21:image><ax21:name>AVON</ax21:name><ax21:rootId>950</ax21:rootId></ax23:merchants><ax23:merchants xsi:type="ax21:Merchant"><ax21:code>faberlic</ax21:code><ax21:id>10947</ax21:id><ax21:image>faberlic.png</ax21:image><ax21:name>Faberlic</ax21:name><ax21:rootId>950</ax21:rootId></ax23:merchants><ax23:merchants xsi:type="ax21:Merchant"><ax21:code>florange</ax21:code><ax21:id>10946</ax21:id><ax21:image>florange.png</ax21:image><ax21:name>Florange</ax21:name><ax21:rootId>950</ax21:rootId></ax23:merchants><ax23:merchants xsi:type="ax21:Merchant"><ax21:code>imp_knijniy</ax21:code><ax21:id>6600</ax21:id><ax21:image xsi:nil="true" /><ax21:name>IMP Книжный интернет-магазин</ax21:name><ax21:rootId>950</ax21:rootId></ax23:merchants><ax23:merchants xsi:type="ax21:Merchant"><ax21:code>lr_rus</ax21:code><ax21:id>6960</ax21:id><ax21:image xsi:nil="true" /><ax21:name>LR RUS</ax21:name><ax21:rootId>950</ax21:rootId></ax23:merchants><ax23:merchants xsi:type="ax21:Merchant"><ax21:code>litres</ax21:code><ax21:id>740</ax21:id><ax21:image>Litres.png</ax21:image><ax21:name>LitRes</ax21:name><ax21:rootId>950</ax21:rootId></ax23:merchants><ax23:merchants xsi:type="ax21:Merchant"><ax21:code>zepter</ax21:code><ax21:id>993470055</ax21:id><ax21:image>993470055.png</ax21:image><ax21:name>ZEPTER</ax21:name><ax21:rootId>950</ax21:rootId></ax23:merchants></ns:return></ns:getMerchantListResponse></soapenv:Body></soapenv:Envelope>
2014-10-14T17:03:01+04:00 [7924] C:\Users\bushuev\Documents\Programs\nginx-1.7.4\html\mobi\merchants\index.php line 6 root WARN  
2014-10-14T17:03:06+04:00 [7924] C:\Users\bushuev\Documents\Programs\nginx-1.7.4\html\mobi\lib\MerchantForm.php line 28 MerchantForm DEBUG <form><label for='basicRequisite'>Основные реквизиты</label><input type='text' name='basicRequisite' id='basicRequisite' data-pattern='.*' data-pattern-hint='.*' hint='' data-required='true' placeholder='' value=''/><label for='field_0'>Тип платежа</label><input type='text' name='field_0' id='field_0' data-pattern='.*' data-pattern-hint='.*' hint='' data-required='false' placeholder='' value=''/><label for='field_1'>Номер постановления</label><input type='text' name='field_1' id='field_1' data-pattern='^.{1,15}$' data-pattern-hint='Значение в поле должно быть от 1 до 15 знаков.' hint='' data-required='false' placeholder='' value=''/></form>
2014-10-14T17:03:06+04:00 [7924] C:\Users\bushuev\Documents\Programs\nginx-1.7.4\html\mobi\lib\MobiService.php line 36 MobiService DEBUG Request: <?xml version="1.0" encoding="UTF-8"?>
<env:Envelope xmlns:env="http://www.w3.org/2003/05/soap-envelope" xmlns:ns1="http://soap.myplatfon.ru"><env:Body><ns1:getMerchant><ns1:_id>11007</ns1:_id></ns1:getMerchant></env:Body></env:Envelope>

2014-10-14T17:03:06+04:00 [7924] C:\Users\bushuev\Documents\Programs\nginx-1.7.4\html\mobi\lib\MobiService.php line 37 MobiService DEBUG Response: <?xml version='1.0' encoding='utf-8'?><soapenv:Envelope xmlns:soapenv="http://www.w3.org/2003/05/soap-envelope"><soapenv:Body><ns:getMerchantResponse xmlns:ns="http://soap.myplatfon.ru"><ns:return xmlns:ax21="http://data.soap.myplatfon.ru/xsd" xmlns:ax27="http://input.template.templatebuilder.myplatfon.ru/xsd" xmlns:ax28="http://validation.input.template.templatebuilder.myplatfon.ru/xsd" xmlns:ax26="http://template.templatebuilder.myplatfon.ru/xsd" xmlns:ax23="http://response.data.soap.myplatfon.ru/xsd" xmlns:xsi="http://www.w3.org/2001/XMLSchema-instance" xsi:type="ax23:GetMerchantResponse"><ax23:error xsi:type="ax21:Error"><ax21:code>0</ax21:code><ax21:description xsi:nil="true" /><ax21:userMessage>Операция выполнена успешно.</ax21:userMessage></ax23:error><ax23:merchantInfo xsi:type="ax21:MerchantFullInformation"><ax21:code xsi:nil="true" /><ax21:id>11007</ax21:id><ax21:image>gibdd.png</ax21:image><ax21:name>Штрафы ГИБДД</ax21:name><ax21:rootId>950</ax21:rootId><ax21:category xsi:type="ax21:MerchantInformation"><ax21:code>other</ax21:code><ax21:id>950</ax21:id><ax21:image>other_picture.gif</ax21:image><ax21:name>Другое</ax21:name><ax21:rootId>0</ax21:rootId><ax21:category xsi:nil="true" /></ax21:category><ax21:additionalInfo xsi:nil="true" /><ax21:inputTemplateId>890</ax21:inputTemplateId><ax21:maxSum>15000.0</ax21:maxSum><ax21:minSum>100.0</ax21:minSum><ax21:template><ax26:DNumber></ax26:DNumber><ax26:addInfo>||</ax26:addInfo><ax26:description xsi:nil="true" /><ax26:groups><ax27:id>basicRequisite</ax27:id><ax27:inputs xsi:type="ax27:TemplateInput"><ax27:id>field_0</ax27:id><ax27:type>2</ax27:type><ax27:value xsi:nil="true" /><ax27:example xsi:nil="true" /><ax27:hint xsi:nil="true" /><ax27:inputtedValue xsi:nil="true" /><ax27:options xsi:nil="true" /><ax27:required xsi:nil="true" /><ax27:rules><ax28:id>2</ax28:id><ax28:message>Значение в поле должно быть от 1 до 64 знаков.</ax28:message><ax28:validateStr>^.{1,64}$</ax28:validateStr><ax28:length>64</ax28:length></ax27:rules><ax27:textValue xsi:nil="true" /><ax27:title>Фамилия Имя Отчество</ax27:title></ax27:inputs><ax27:templateInputs xsi:type="ax27:TemplateInput"><ax27:id>field_0</ax27:id><ax27:type>2</ax27:type><ax27:value xsi:nil="true" /><ax27:example xsi:nil="true" /><ax27:hint xsi:nil="true" /><ax27:inputtedValue xsi:nil="true" /><ax27:options xsi:nil="true" /><ax27:required xsi:nil="true" /><ax27:rules><ax28:id>2</ax28:id><ax28:message>Значение в поле должно быть от 1 до 64 знаков.</ax28:message><ax28:validateStr>^.{1,64}$</ax28:validateStr><ax28:length>64</ax28:length></ax27:rules><ax27:textValue xsi:nil="true" /><ax27:title>Фамилия Имя Отчество</ax27:title></ax27:templateInputs><ax27:title>Основные реквизиты</ax27:title><ax27:delimiter xsi:nil="true" /><ax27:formatString>%%field_0</ax27:formatString></ax26:groups><ax26:groups><ax27:id>addInfoRequisite</ax27:id><ax27:inputs xsi:type="ax27:TemplateInput"><ax27:id>field_0</ax27:id><ax27:type>0</ax27:type><ax27:value xsi:nil="true" /><ax27:example xsi:nil="true" /><ax27:hint xsi:nil="true" /><ax27:inputtedValue xsi:nil="true" /><ax27:options xsi:type="ax27:Option"><ax27:title>Оплата штрафа</ax27:title><ax27:value>1</ax27:value></ax27:options><ax27:required xsi:nil="true" /><ax27:rules xsi:nil="true" /><ax27:textValue xsi:nil="true" /><ax27:title>Тип платежа</ax27:title></ax27:inputs><ax27:inputs xsi:type="ax27:TemplateInput"><ax27:id>field_1</ax27:id><ax27:type>2</ax27:type><ax27:value xsi:nil="true" /><ax27:example xsi:nil="true" /><ax27:hint xsi:nil="true" /><ax27:inputtedValue xsi:nil="true" /><ax27:options xsi:nil="true" /><ax27:required xsi:nil="true" /><ax27:rules><ax28:id>2</ax28:id><ax28:message>Значение в поле должно быть от 1 до 15 знаков.</ax28:message><ax28:validateStr>^.{1,15}$</ax28:validateStr><ax28:length>15</ax28:length></ax27:rules><ax27:textValue xsi:nil="true" /><ax27:title>Номер постановления</ax27:title></ax27:inputs><ax27:templateInputs xsi:type="ax27:TemplateInput"><ax27:id>field_0</ax27:id><ax27:type>0</ax27:type><ax27:value xsi:nil="true" /><ax27:example xsi:nil="true" /><ax27:hint xsi:nil="true" /><ax27:inputtedValue xsi:nil="true" /><ax27:options xsi:type="ax27:Option"><ax27:title>Оплата штрафа</ax27:title><ax27:value>1</ax27:value></ax27:options><ax27:required xsi:nil="true" /><ax27:rules xsi:nil="true" /><ax27:textValue xsi:nil="true" /><ax27:title>Тип платежа</ax27:title></ax27:templateInputs><ax27:templateInputs xsi:type="ax27:TemplateInput"><ax27:id>field_1</ax27:id><ax27:type>2</ax27:type><ax27:value xsi:nil="true" /><ax27:example xsi:nil="true" /><ax27:hint xsi:nil="true" /><ax27:inputtedValue xsi:nil="true" /><ax27:options xsi:nil="true" /><ax27:required xsi:nil="true" /><ax27:rules><ax28:id>2</ax28:id><ax28:message>Значение в поле должно быть от 1 до 15 знаков.</ax28:message><ax28:validateStr>^.{1,15}$</ax28:validateStr><ax28:length>15</ax28:length></ax27:rules><ax27:textValue xsi:nil="true" /><ax27:title>Номер постановления</ax27:title></ax27:templateInputs><ax27:title>Дополнительные реквизиты</ax27:title><ax27:delimiter>||</ax27:delimiter><ax27:formatString>%%field_0||%%field_1</ax27:formatString></ax26:groups><ax26:id xsi:nil="true" /><ax26:title>Штрафы ГИБДД онлайн Москва и М.O.</ax26:title></ax21:template><ax21:webUrl xsi:nil="true" /></ax23:merchantInfo></ns:return></ns:getMerchantResponse></soapenv:Body></soapenv:Envelope>
2014-10-14T17:03:06+04:00 [7924] C:\Users\bushuev\Documents\Programs\nginx-1.7.4\html\mobi\merchant\index.php line 6 root WARN  
2014-10-14T17:03:28+04:00 [7924] C:\Users\bushuev\Documents\Programs\nginx-1.7.4\html\mobi\lib\MobiService.php line 36 MobiService DEBUG Request: <?xml version="1.0" encoding="UTF-8"?>
<env:Envelope xmlns:env="http://www.w3.org/2003/05/soap-envelope" xmlns:ns1="http://soap.myplatfon.ru"><env:Body><ns1:getMerchantList><ns1:_categoryId>900</ns1:_categoryId></ns1:getMerchantList></env:Body></env:Envelope>

2014-10-14T17:03:28+04:00 [7924] C:\Users\bushuev\Documents\Programs\nginx-1.7.4\html\mobi\lib\MobiService.php line 37 MobiService DEBUG Response: <?xml version='1.0' encoding='utf-8'?><soapenv:Envelope xmlns:soapenv="http://www.w3.org/2003/05/soap-envelope"><soapenv:Body><ns:getMerchantListResponse xmlns:ns="http://soap.myplatfon.ru"><ns:return xmlns:ax21="http://data.soap.myplatfon.ru/xsd" xmlns:ax27="http://input.template.templatebuilder.myplatfon.ru/xsd" xmlns:ax28="http://validation.input.template.templatebuilder.myplatfon.ru/xsd" xmlns:ax26="http://template.templatebuilder.myplatfon.ru/xsd" xmlns:ax23="http://response.data.soap.myplatfon.ru/xsd" xmlns:xsi="http://www.w3.org/2001/XMLSchema-instance" xsi:type="ax23:GetMerchantListResponse"><ax23:error xsi:type="ax21:Error"><ax21:code>0</ax21:code><ax21:description xsi:nil="true" /><ax21:userMessage>Операция выполнена успешно.</ax21:userMessage></ax23:error><ax23:merchants xsi:type="ax21:Merchant"><ax21:code>mts</ax21:code><ax21:id>1000</ax21:id><ax21:image>1000.png</ax21:image><ax21:name>МТС</ax21:name><ax21:rootId>900</ax21:rootId></ax23:merchants><ax23:merchants xsi:type="ax21:Merchant"><ax21:code>beeline</ax21:code><ax21:id>1001</ax21:id><ax21:image>mob_beeline.gif</ax21:image><ax21:name>Билайн</ax21:name><ax21:rootId>900</ax21:rootId></ax23:merchants><ax23:merchants xsi:type="ax21:Merchant"><ax21:code>megafon-moscow</ax21:code><ax21:id>1002</ax21:id><ax21:image>mob_megafon_moscow.gif</ax21:image><ax21:name>Мегафон Москва</ax21:name><ax21:rootId>900</ax21:rootId></ax23:merchants><ax23:merchants xsi:type="ax21:Merchant"><ax21:code>akos</ax21:code><ax21:id>1036</ax21:id><ax21:image>mob_akos.gif</ax21:image><ax21:name>АКОС</ax21:name><ax21:rootId>900</ax21:rootId></ax23:merchants><ax23:merchants xsi:type="ax21:Merchant"><ax21:code>allo-incognito-spb</ax21:code><ax21:id>1053</ax21:id><ax21:image>mob_allo.gif</ax21:image><ax21:name>Алло Инкогнито СПБ</ax21:name><ax21:rootId>900</ax21:rootId></ax23:merchants><ax23:merchants xsi:type="ax21:Merchant"><ax21:code xsi:nil="true" /><ax21:id>7281</ax21:id><ax21:image xsi:nil="true" /><ax21:name>АльянсТелеком</ax21:name><ax21:rootId>900</ax21:rootId></ax23:merchants><ax23:merchants xsi:type="ax21:Merchant"><ax21:code>armentel-mobile</ax21:code><ax21:id>507</ax21:id><ax21:image>507.png</ax21:image><ax21:name>АрменТел (мобильная связь)</ax21:name><ax21:rootId>900</ax21:rootId></ax23:merchants><ax23:merchants xsi:type="ax21:Merchant"><ax21:code>armentel-fixed</ax21:code><ax21:id>506</ax21:id><ax21:image>507.png</ax21:image><ax21:name>АрменТел (фиксированная связь)</ax21:name><ax21:rootId>900</ax21:rootId></ax23:merchants><ax23:merchants xsi:type="ax21:Merchant"><ax21:code>baikalwestcom</ax21:code><ax21:id>1048</ax21:id><ax21:image>mob_baikalvestkom.gif</ax21:image><ax21:name>БайкалВестком</ax21:name><ax21:rootId>900</ax21:rootId></ax23:merchants><ax23:merchants xsi:type="ax21:Merchant"><ax21:code>bashsel-gsm</ax21:code><ax21:id>1052</ax21:id><ax21:image>int_bashcell.gif</ax21:image><ax21:name>БашСел GSM</ax21:name><ax21:rootId>900</ax21:rootId></ax23:merchants><ax23:merchants xsi:type="ax21:Merchant"><ax21:code>etk</ax21:code><ax21:id>1034</ax21:id><ax21:image>mob_etk.gif</ax21:image><ax21:name>Енисейтелеком</ax21:name><ax21:rootId>900</ax21:rootId></ax23:merchants><ax23:merchants xsi:type="ax21:Merchant"><ax21:code xsi:nil="true" /><ax21:id>78564201</ax21:id><ax21:image>mob_matrix.gif</ax21:image><ax21:name>Матрикс Мобайл</ax21:name><ax21:rootId>900</ax21:rootId></ax23:merchants><ax23:merchants xsi:type="ax21:Merchant"><ax21:code>matrix-telecom</ax21:code><ax21:id>1033</ax21:id><ax21:image>mob_matrix.gif</ax21:image><ax21:name>Матрикс Телеком</ax21:name><ax21:rootId>900</ax21:rootId></ax23:merchants><ax23:merchants xsi:type="ax21:Merchant"><ax21:code>megafon-dv</ax21:code><ax21:id>1010</ax21:id><ax21:image>mob_megafon_dv.gif</ax21:image><ax21:name>Мегафон Дальний Восток</ax21:name><ax21:rootId>900</ax21:rootId></ax23:merchants><ax23:merchants xsi:type="ax21:Merchant"><ax21:code>megafon-kavkaz</ax21:code><ax21:id>1011</ax21:id><ax21:image>mob_megafon_kavkaz.gif</ax21:image><ax21:name>Мегафон Кавказ</ax21:name><ax21:rootId>900</ax21:rootId></ax23:merchants><ax23:merchants xsi:type="ax21:Merchant"><ax21:code>megafon-pvl</ax21:code><ax21:id>1006</ax21:id><ax21:image>mob_megafon_pvl.gif</ax21:image><ax21:name>Мегафон Поволжье</ax21:name><ax21:rootId>900</ax21:rootId></ax23:merchants><ax23:merchants xsi:type="ax21:Merchant"><ax21:code>megafon-sz</ax21:code><ax21:id>1190</ax21:id><ax21:image>mob_megafon_sz.gif</ax21:image><ax21:name>Мегафон Северо Запад</ax21:name><ax21:rootId>900</ax21:rootId></ax23:merchants><ax23:merchants xsi:type="ax21:Merchant"><ax21:code>megafon-sz-spb</ax21:code><ax21:id>1003</ax21:id><ax21:image>mob_megafon_sz.gif</ax21:image><ax21:name>Мегафон Северо Запад СПб</ax21:name><ax21:rootId>900</ax21:rootId></ax23:merchants><ax23:merchants xsi:type="ax21:Merchant"><ax21:code>megafon-sibir</ax21:code><ax21:id>1005</ax21:id><ax21:image>mob_megafon_sibir.gif</ax21:image><ax21:name>Мегафон Сибирь</ax21:name><ax21:rootId>900</ax21:rootId></ax23:merchants><ax23:merchants xsi:type="ax21:Merchant"><ax21:code>megafon-tver</ax21:code><ax21:id>1007</ax21:id><ax21:image>mob_megafon_tver.gif</ax21:image><ax21:name>Мегафон Тверь</ax21:name><ax21:rootId>900</ax21:rootId></ax23:merchants><ax23:merchants xsi:type="ax21:Merchant"><ax21:code>megafon-ural</ax21:code><ax21:id>1004</ax21:id><ax21:image>mob_megafon_ural.gif</ax21:image><ax21:name>Мегафон Урал</ax21:name><ax21:rootId>900</ax21:rootId></ax23:merchants><ax23:merchants xsi:type="ax21:Merchant"><ax21:code>megafon-center</ax21:code><ax21:id>1009</ax21:id><ax21:image>mob_megafon_centr.gif</ax21:image><ax21:name>Мегафон Центр</ax21:name><ax21:rootId>900</ax21:rootId></ax23:merchants><ax23:merchants xsi:type="ax21:Merchant"><ax21:code>metrotel-kazan</ax21:code><ax21:id>1035</ax21:id><ax21:image>mob_metrotel.gif</ax21:image><ax21:name>МетроТел Казань</ax21:name><ax21:rootId>900</ax21:rootId></ax23:merchants><ax23:merchants xsi:type="ax21:Merchant"><ax21:code>motiv</ax21:code><ax21:id>1032</ax21:id><ax21:image>mob_motiv.gif</ax21:image><ax21:name>Мотив</ax21:name><ax21:rootId>900</ax21:rootId></ax23:merchants><ax23:merchants xsi:type="ax21:Merchant"><ax21:code>nss</ax21:code><ax21:id>1030</ax21:id><ax21:image>mob_ncc.gif</ax21:image><ax21:name>НСС</ax21:name><ax21:rootId>900</ax21:rootId></ax23:merchants><ax23:merchants xsi:type="ax21:Merchant"><ax21:code>nss-orenburg</ax21:code><ax21:id>1195</ax21:id><ax21:image>mob_ncc.gif</ax21:image><ax21:name>НСС Оренбург</ax21:name><ax21:rootId>900</ax21:rootId></ax23:merchants><ax23:merchants xsi:type="ax21:Merchant"><ax21:code>nss-tatarstan</ax21:code><ax21:id>1037</ax21:id><ax21:image>mob_ncc.gif</ax21:image><ax21:name>НСС Татарстан</ax21:name><ax21:rootId>900</ax21:rootId></ax23:merchants><ax23:merchants xsi:type="ax21:Merchant"><ax21:code>ntk</ax21:code><ax21:id>1029</ax21:id><ax21:image>mob_ntk.gif</ax21:image><ax21:name>НТК</ax21:name><ax21:rootId>900</ax21:rootId></ax23:merchants><ax23:merchants xsi:type="ax21:Merchant"><ax21:code>prosto</ax21:code><ax21:id>1194</ax21:id><ax21:image>prostomos.png</ax21:image><ax21:name>Просто для общения</ax21:name><ax21:rootId>900</ax21:rootId></ax23:merchants><ax23:merchants xsi:type="ax21:Merchant"><ax21:code>prosto-siberia</ax21:code><ax21:id>736</ax21:id><ax21:image>prostomos.png</ax21:image><ax21:name>Просто для общения Сибирь</ax21:name><ax21:rootId>900</ax21:rootId></ax23:merchants><ax23:merchants xsi:type="ax21:Merchant"><ax21:code>rostelecom-primorsky-krai</ax21:code><ax21:id>4701</ax21:id><ax21:image>4701.gif</ax21:image><ax21:name>Ростелеком Приморский край</ax21:name><ax21:rootId>900</ax21:rootId></ax23:merchants><ax23:merchants xsi:type="ax21:Merchant"><ax21:code>rostelecom-ural</ax21:code><ax21:id>1031</ax21:id><ax21:image>1031.gif</ax21:image><ax21:name>Ростелеком Урал</ax21:name><ax21:rootId>900</ax21:rootId></ax23:merchants><ax23:merchants xsi:type="ax21:Merchant"><ax21:code xsi:nil="true" /><ax21:id>7220</ax21:id><ax21:image xsi:nil="true" /><ax21:name>Ростелеком-Юг</ax21:name><ax21:rootId>900</ax21:rootId></ax23:merchants><ax23:merchants xsi:type="ax21:Merchant"><ax21:code>smarts-volgograd</ax21:code><ax21:id>1016</ax21:id><ax21:image>1016.png</ax21:image><ax21:name>СМАРТС Волгоград</ax21:name><ax21:rootId>900</ax21:rootId></ax23:merchants><ax23:merchants xsi:type="ax21:Merchant"><ax21:code>smarts-penza</ax21:code><ax21:id>1017</ax21:id><ax21:image>1017.png</ax21:image><ax21:name>СМАРТС Пенза</ax21:name><ax21:rootId>900</ax21:rootId></ax23:merchants><ax23:merchants xsi:type="ax21:Merchant"><ax21:code>smarts-samara</ax21:code><ax21:id>1012</ax21:id><ax21:image>1012.png</ax21:image><ax21:name>СМАРТС Самара</ax21:name><ax21:rootId>900</ax21:rootId></ax23:merchants><ax23:merchants xsi:type="ax21:Merchant"><ax21:code>smarts-cheboksary</ax21:code><ax21:id>1014</ax21:id><ax21:image>1014.png</ax21:image><ax21:name>СМАРТС Чебоксары</ax21:name><ax21:rootId>900</ax21:rootId></ax23:merchants><ax23:merchants xsi:type="ax21:Merchant"><ax21:code>smarts-astrakhan</ax21:code><ax21:id>1015</ax21:id><ax21:image>mob_smarts_astrahan.png</ax21:image><ax21:name>СМАРТС ЮТК Мобильный Астрахань</ax21:name><ax21:rootId>900</ax21:rootId></ax23:merchants><ax23:merchants xsi:type="ax21:Merchant"><ax21:code>smarts-yaroslavl</ax21:code><ax21:id>1013</ax21:id><ax21:image>mob_smarts_yaroslavl.gif</ax21:image><ax21:name>СМАРТС Ярославль</ax21:name><ax21:rootId>900</ax21:rootId></ax23:merchants><ax23:merchants xsi:type="ax21:Merchant"><ax21:code>skylink-saratov</ax21:code><ax21:id>1196</ax21:id><ax21:image>mob_skylink_saratov.gif</ax21:image><ax21:name>СкайЛинк Саратов</ax21:name><ax21:rootId>900</ax21:rootId></ax23:merchants><ax23:merchants xsi:type="ax21:Merchant"><ax21:code>skylink-vladimir</ax21:code><ax21:id>1023</ax21:id><ax21:image>mob_sky_vladimir.gif</ax21:image><ax21:name>Скайлинк Владимир</ax21:name><ax21:rootId>900</ax21:rootId></ax23:merchants><ax23:merchants xsi:type="ax21:Merchant"><ax21:code>skylink-voronezh</ax21:code><ax21:id>185</ax21:id><ax21:image>mob_sky_moscow.gif</ax21:image><ax21:name>Скайлинк Воронеж</ax21:name><ax21:rootId>900</ax21:rootId></ax23:merchants><ax23:merchants xsi:type="ax21:Merchant"><ax21:code>skylink-ekaterinburg</ax21:code><ax21:id>1022</ax21:id><ax21:image>mob_sky_ekt.gif</ax21:image><ax21:name>Скайлинк Екатеринбург</ax21:name><ax21:rootId>900</ax21:rootId></ax23:merchants><ax23:merchants xsi:type="ax21:Merchant"><ax21:code>skylink-kaluga</ax21:code><ax21:id>1186</ax21:id><ax21:image>mob_skylink_kaluga.gif</ax21:image><ax21:name>Скайлинк Калуга</ax21:name><ax21:rootId>900</ax21:rootId></ax23:merchants><ax23:merchants xsi:type="ax21:Merchant"><ax21:code>skylink-krasnodar</ax21:code><ax21:id>1026</ax21:id><ax21:image>mob_sky_krasnodar.gif</ax21:image><ax21:name>Скайлинк Краснодар</ax21:name><ax21:rootId>900</ax21:rootId></ax23:merchants><ax23:merchants xsi:type="ax21:Merchant"><ax21:code>skylink-kemerovo</ax21:code><ax21:id>1185</ax21:id><ax21:image>mob_sky_kuz.gif</ax21:image><ax21:name>Скайлинк Кузбасс Кемерово</ax21:name><ax21:rootId>900</ax21:rootId></ax23:merchants><ax23:merchants xsi:type="ax21:Merchant"><ax21:code>skylink-moscow</ax21:code><ax21:id>1019</ax21:id><ax21:image>mob_sky_moscow.gif</ax21:image><ax21:name>Скайлинк Москва</ax21:name><ax21:rootId>900</ax21:rootId></ax23:merchants><ax23:merchants xsi:type="ax21:Merchant"><ax21:code>skylink-nizhny-novgorod</ax21:code><ax21:id>1021</ax21:id><ax21:image>mob_sky_nnovgorod.gif</ax21:image><ax21:name>Скайлинк Нижний Новгород</ax21:name><ax21:rootId>900</ax21:rootId></ax23:merchants><ax23:merchants xsi:type="ax21:Merchant"><ax21:code>skylink-novosibirsk</ax21:code><ax21:id>1027</ax21:id><ax21:image>mob_sky_novosibirsk.gif</ax21:image><ax21:name>Скайлинк Новосибирск</ax21:name><ax21:rootId>900</ax21:rootId></ax23:merchants><ax23:merchants xsi:type="ax21:Merchant"><ax21:code>skylink-omsk</ax21:code><ax21:id>1183</ax21:id><ax21:image>mob_sky_omsk.gif</ax21:image><ax21:name>Скайлинк Омск</ax21:name><ax21:rootId>900</ax21:rootId></ax23:merchants><ax23:merchants xsi:type="ax21:Merchant"><ax21:code>skylink-rostov</ax21:code><ax21:id>418</ax21:id><ax21:image>mob_sky_moscow.gif</ax21:image><ax21:name>Скайлинк Ростов</ax21:name><ax21:rootId>900</ax21:rootId></ax23:merchants><ax23:merchants xsi:type="ax21:Merchant"><ax21:code>skylink-ryazan</ax21:code><ax21:id>1025</ax21:id><ax21:image>mob_sky_ryazan.gif</ax21:image><ax21:name>Скайлинк Рязань</ax21:name><ax21:rootId>900</ax21:rootId></ax23:merchants><ax23:merchants xsi:type="ax21:Merchant"><ax21:code>skylink-spb</ax21:code><ax21:id>1020</ax21:id><ax21:image>mob_sky_moscow.gif</ax21:image><ax21:name>Скайлинк Санкт-Петербург</ax21:name><ax21:rootId>900</ax21:rootId></ax23:merchants><ax23:merchants xsi:type="ax21:Merchant"><ax21:code>skylink-tver</ax21:code><ax21:id>482</ax21:id><ax21:image>mob_sky_moscow.gif</ax21:image><ax21:name>Скайлинк Тверь</ax21:name><ax21:rootId>900</ax21:rootId></ax23:merchants><ax23:merchants xsi:type="ax21:Merchant"><ax21:code>skylink-udmurtia</ax21:code><ax21:id>1024</ax21:id><ax21:image>mob_sky_udmurtia.gif</ax21:image><ax21:name>Скайлинк Удмуртия</ax21:name><ax21:rootId>900</ax21:rootId></ax23:merchants><ax23:merchants xsi:type="ax21:Merchant"><ax21:code>skylink-chelyabinsk</ax21:code><ax21:id>512</ax21:id><ax21:image>mob_sky_moscow.gif</ax21:image><ax21:name>Скайлинк Челябинск</ax21:name><ax21:rootId>900</ax21:rootId></ax23:merchants><ax23:merchants xsi:type="ax21:Merchant"><ax21:code>sotel</ax21:code><ax21:id>425</ax21:id><ax21:image>425.png</ax21:image><ax21:name>Сотел Башкортостан</ax21:name><ax21:rootId>900</ax21:rootId></ax23:merchants><ax23:merchants xsi:type="ax21:Merchant"><ax21:code>stek-gsm</ax21:code><ax21:id>1044</ax21:id><ax21:image>mob_stekgsm.gif</ax21:image><ax21:name>Стек-GSM</ax21:name><ax21:rootId>900</ax21:rootId></ax23:merchants><ax23:merchants xsi:type="ax21:Merchant"><ax21:code>takom-beeline</ax21:code><ax21:id>505</ax21:id><ax21:image>505.png</ax21:image><ax21:name>ТАКОМ Билайн-Таджикистан</ax21:name><ax21:rootId>900</ax21:rootId></ax23:merchants><ax23:merchants xsi:type="ax21:Merchant"><ax21:code>tattelecom</ax21:code><ax21:id>5560</ax21:id><ax21:image xsi:nil="true" /><ax21:name>Таттелеком</ax21:name><ax21:rootId>900</ax21:rootId></ax23:merchants><ax23:merchants xsi:type="ax21:Merchant"><ax21:code>tele2</ax21:code><ax21:id>1028</ax21:id><ax21:image>90x50_tele2_logo.png</ax21:image><ax21:name>Теле2 (Индиго)</ax21:name><ax21:rootId>900</ax21:rootId></ax23:merchants><ax23:merchants xsi:type="ax21:Merchant"><ax21:code>ulyanivk-gsm</ax21:code><ax21:id>1046</ax21:id><ax21:image>mob_ulyanovsk_gsm.gif</ax21:image><ax21:name>Ульяновск-GSM</ax21:name><ax21:rootId>900</ax21:rootId></ax23:merchants><ax23:merchants xsi:type="ax21:Merchant"><ax21:code>skylink-barnaul</ax21:code><ax21:id>5600</ax21:id><ax21:image>mob_sky_moscow.gif</ax21:image><ax21:name>SkyLink Барнаул</ax21:name><ax21:rootId>900</ax21:rootId></ax23:merchants><ax23:merchants xsi:type="ax21:Merchant"><ax21:code>skylink-volgograd</ax21:code><ax21:id>5620</ax21:id><ax21:image>mob_sky_moscow.gif</ax21:image><ax21:name>SkyLink Волгоград</ax21:name><ax21:rootId>900</ax21:rootId></ax23:merchants><ax23:merchants xsi:type="ax21:Merchant"><ax21:code>skylink-kaliningrad</ax21:code><ax21:id>5640</ax21:id><ax21:image>mob_sky_moscow.gif</ax21:image><ax21:name>SkyLink Калининград</ax21:name><ax21:rootId>900</ax21:rootId></ax23:merchants><ax23:merchants xsi:type="ax21:Merchant"><ax21:code>skylink-kirov-region</ax21:code><ax21:id>5660</ax21:id><ax21:image>mob_sky_moscow.gif</ax21:image><ax21:name>SkyLink Кировская область</ax21:name><ax21:rootId>900</ax21:rootId></ax23:merchants><ax23:merchants xsi:type="ax21:Merchant"><ax21:code>skylink-saratov-region</ax21:code><ax21:id>5661</ax21:id><ax21:image>mob_sky_moscow.gif</ax21:image><ax21:name>SkyLink Саратовская область</ax21:name><ax21:rootId>900</ax21:rootId></ax23:merchants><ax23:merchants xsi:type="ax21:Merchant"><ax21:code>skylink-khabarovsk</ax21:code><ax21:id>5662</ax21:id><ax21:image>mob_sky_moscow.gif</ax21:image><ax21:name>SkyLink Хабаровск</ax21:name><ax21:rootId>900</ax21:rootId></ax23:merchants><ax23:merchants xsi:type="ax21:Merchant"><ax21:code>wellcom-etk</ax21:code><ax21:id>90</ax21:id><ax21:image>wellcom_logo.gif</ax21:image><ax21:name>Wellcom ETK</ax21:name><ax21:rootId>900</ax21:rootId></ax23:merchants></ns:return></ns:getMerchantListResponse></soapenv:Body></soapenv:Envelope>
2014-10-14T17:03:28+04:00 [7924] C:\Users\bushuev\Documents\Programs\nginx-1.7.4\html\mobi\merchants\index.php line 6 root WARN  
